[2025-10-03T16:50:21.225+0000] {processor.py:157} INFO - Started process (PID=84) to work on /opt/airflow/dags/realestate_pipeline.py
[2025-10-03T16:50:21.225+0000] {processor.py:829} INFO - Processing file /opt/airflow/dags/realestate_pipeline.py for tasks to queue
[2025-10-03T16:50:21.226+0000] {logging_mixin.py:151} INFO - [2025-10-03T16:50:21.226+0000] {dagbag.py:536} INFO - Filling up the DagBag from /opt/airflow/dags/realestate_pipeline.py
[2025-10-03T16:50:23.869+0000] {processor.py:839} INFO - DAG(s) dict_keys(['realestate_lakehouse_pipeline']) retrieved from /opt/airflow/dags/realestate_pipeline.py
[2025-10-03T16:50:23.948+0000] {logging_mixin.py:151} INFO - [2025-10-03T16:50:23.948+0000] {manager.py:499} INFO - Created Permission View: %s
[2025-10-03T16:50:23.957+0000] {logging_mixin.py:151} INFO - [2025-10-03T16:50:23.957+0000] {manager.py:499} INFO - Created Permission View: %s
[2025-10-03T16:50:23.964+0000] {logging_mixin.py:151} INFO - [2025-10-03T16:50:23.964+0000] {manager.py:499} INFO - Created Permission View: %s
[2025-10-03T16:50:23.964+0000] {logging_mixin.py:151} INFO - [2025-10-03T16:50:23.964+0000] {dag.py:2941} INFO - Sync 1 DAGs
[2025-10-03T16:50:23.973+0000] {logging_mixin.py:151} INFO - [2025-10-03T16:50:23.972+0000] {dag.py:2963} INFO - Creating ORM DAG for realestate_lakehouse_pipeline
[2025-10-03T16:50:23.979+0000] {logging_mixin.py:151} INFO - [2025-10-03T16:50:23.979+0000] {dag.py:3722} INFO - Setting next_dagrun for realestate_lakehouse_pipeline to 2025-10-02T00:00:00+00:00, run_after=2025-10-03T00:00:00+00:00
[2025-10-03T16:50:23.994+0000] {processor.py:179} INFO - Processing /opt/airflow/dags/realestate_pipeline.py took 2.771 seconds
[2025-10-03T16:50:50.107+0000] {processor.py:157} INFO - Started process (PID=30) to work on /opt/airflow/dags/realestate_pipeline.py
[2025-10-03T16:50:50.108+0000] {processor.py:829} INFO - Processing file /opt/airflow/dags/realestate_pipeline.py for tasks to queue
[2025-10-03T16:50:50.108+0000] {logging_mixin.py:151} INFO - [2025-10-03T16:50:50.108+0000] {dagbag.py:536} INFO - Filling up the DagBag from /opt/airflow/dags/realestate_pipeline.py
[2025-10-03T16:50:51.221+0000] {processor.py:839} INFO - DAG(s) dict_keys(['realestate_lakehouse_pipeline']) retrieved from /opt/airflow/dags/realestate_pipeline.py
[2025-10-03T16:50:51.237+0000] {logging_mixin.py:151} INFO - [2025-10-03T16:50:51.236+0000] {dag.py:2941} INFO - Sync 1 DAGs
[2025-10-03T16:50:51.251+0000] {logging_mixin.py:151} INFO - [2025-10-03T16:50:51.251+0000] {dag.py:3722} INFO - Setting next_dagrun for realestate_lakehouse_pipeline to 2025-10-02T00:00:00+00:00, run_after=2025-10-03T00:00:00+00:00
[2025-10-03T16:50:51.267+0000] {processor.py:179} INFO - Processing /opt/airflow/dags/realestate_pipeline.py took 1.162 seconds
[2025-10-03T16:50:52.208+0000] {processor.py:157} INFO - Started process (PID=48) to work on /opt/airflow/dags/realestate_pipeline.py
[2025-10-03T16:50:52.208+0000] {processor.py:829} INFO - Processing file /opt/airflow/dags/realestate_pipeline.py for tasks to queue
[2025-10-03T16:50:52.209+0000] {logging_mixin.py:151} INFO - [2025-10-03T16:50:52.208+0000] {dagbag.py:536} INFO - Filling up the DagBag from /opt/airflow/dags/realestate_pipeline.py
[2025-10-03T16:50:53.375+0000] {processor.py:839} INFO - DAG(s) dict_keys(['realestate_lakehouse_pipeline']) retrieved from /opt/airflow/dags/realestate_pipeline.py
[2025-10-03T16:50:53.380+0000] {logging_mixin.py:151} INFO - [2025-10-03T16:50:53.380+0000] {dag.py:2941} INFO - Sync 1 DAGs
[2025-10-03T16:50:53.391+0000] {logging_mixin.py:151} INFO - [2025-10-03T16:50:53.391+0000] {dag.py:3722} INFO - Setting next_dagrun for realestate_lakehouse_pipeline to 2025-10-02T00:00:00+00:00, run_after=2025-10-03T00:00:00+00:00
[2025-10-03T16:50:53.403+0000] {processor.py:179} INFO - Processing /opt/airflow/dags/realestate_pipeline.py took 1.197 seconds
[2025-10-03T16:51:23.432+0000] {processor.py:157} INFO - Started process (PID=65) to work on /opt/airflow/dags/realestate_pipeline.py
[2025-10-03T16:51:23.433+0000] {processor.py:829} INFO - Processing file /opt/airflow/dags/realestate_pipeline.py for tasks to queue
[2025-10-03T16:51:23.433+0000] {logging_mixin.py:151} INFO - [2025-10-03T16:51:23.433+0000] {dagbag.py:536} INFO - Filling up the DagBag from /opt/airflow/dags/realestate_pipeline.py
[2025-10-03T16:51:24.518+0000] {processor.py:839} INFO - DAG(s) dict_keys(['realestate_lakehouse_pipeline']) retrieved from /opt/airflow/dags/realestate_pipeline.py
[2025-10-03T16:51:24.532+0000] {logging_mixin.py:151} INFO - [2025-10-03T16:51:24.531+0000] {dag.py:2941} INFO - Sync 1 DAGs
[2025-10-03T16:51:24.542+0000] {logging_mixin.py:151} INFO - [2025-10-03T16:51:24.542+0000] {dag.py:3722} INFO - Setting next_dagrun for realestate_lakehouse_pipeline to 2025-10-02T00:00:00+00:00, run_after=2025-10-03T00:00:00+00:00
[2025-10-03T16:51:24.554+0000] {processor.py:179} INFO - Processing /opt/airflow/dags/realestate_pipeline.py took 1.124 seconds
[2025-10-03T16:51:54.619+0000] {processor.py:157} INFO - Started process (PID=110) to work on /opt/airflow/dags/realestate_pipeline.py
[2025-10-03T16:51:54.619+0000] {processor.py:829} INFO - Processing file /opt/airflow/dags/realestate_pipeline.py for tasks to queue
[2025-10-03T16:51:54.620+0000] {logging_mixin.py:151} INFO - [2025-10-03T16:51:54.620+0000] {dagbag.py:536} INFO - Filling up the DagBag from /opt/airflow/dags/realestate_pipeline.py
[2025-10-03T16:51:55.604+0000] {processor.py:839} INFO - DAG(s) dict_keys(['realestate_lakehouse_pipeline']) retrieved from /opt/airflow/dags/realestate_pipeline.py
[2025-10-03T16:51:55.616+0000] {logging_mixin.py:151} INFO - [2025-10-03T16:51:55.616+0000] {dag.py:2941} INFO - Sync 1 DAGs
[2025-10-03T16:51:55.626+0000] {logging_mixin.py:151} INFO - [2025-10-03T16:51:55.626+0000] {dag.py:3722} INFO - Setting next_dagrun for realestate_lakehouse_pipeline to 2025-10-02T00:00:00+00:00, run_after=2025-10-03T00:00:00+00:00
[2025-10-03T16:51:55.637+0000] {processor.py:179} INFO - Processing /opt/airflow/dags/realestate_pipeline.py took 1.020 seconds
[2025-10-03T16:52:25.752+0000] {processor.py:157} INFO - Started process (PID=127) to work on /opt/airflow/dags/realestate_pipeline.py
[2025-10-03T16:52:25.760+0000] {processor.py:829} INFO - Processing file /opt/airflow/dags/realestate_pipeline.py for tasks to queue
[2025-10-03T16:52:25.761+0000] {logging_mixin.py:151} INFO - [2025-10-03T16:52:25.761+0000] {dagbag.py:536} INFO - Filling up the DagBag from /opt/airflow/dags/realestate_pipeline.py
[2025-10-03T16:52:26.809+0000] {processor.py:839} INFO - DAG(s) dict_keys(['realestate_lakehouse_pipeline']) retrieved from /opt/airflow/dags/realestate_pipeline.py
[2025-10-03T16:52:26.823+0000] {logging_mixin.py:151} INFO - [2025-10-03T16:52:26.822+0000] {dag.py:2941} INFO - Sync 1 DAGs
[2025-10-03T16:52:26.837+0000] {logging_mixin.py:151} INFO - [2025-10-03T16:52:26.837+0000] {dag.py:3722} INFO - Setting next_dagrun for realestate_lakehouse_pipeline to 2025-10-02T00:00:00+00:00, run_after=2025-10-03T00:00:00+00:00
[2025-10-03T16:52:26.850+0000] {processor.py:179} INFO - Processing /opt/airflow/dags/realestate_pipeline.py took 1.101 seconds
[2025-10-03T16:52:56.980+0000] {processor.py:157} INFO - Started process (PID=144) to work on /opt/airflow/dags/realestate_pipeline.py
[2025-10-03T16:52:56.981+0000] {processor.py:829} INFO - Processing file /opt/airflow/dags/realestate_pipeline.py for tasks to queue
[2025-10-03T16:52:56.981+0000] {logging_mixin.py:151} INFO - [2025-10-03T16:52:56.981+0000] {dagbag.py:536} INFO - Filling up the DagBag from /opt/airflow/dags/realestate_pipeline.py
[2025-10-03T16:52:58.072+0000] {processor.py:839} INFO - DAG(s) dict_keys(['realestate_lakehouse_pipeline']) retrieved from /opt/airflow/dags/realestate_pipeline.py
[2025-10-03T16:52:58.088+0000] {logging_mixin.py:151} INFO - [2025-10-03T16:52:58.088+0000] {dag.py:2941} INFO - Sync 1 DAGs
[2025-10-03T16:52:58.101+0000] {logging_mixin.py:151} INFO - [2025-10-03T16:52:58.101+0000] {dag.py:3722} INFO - Setting next_dagrun for realestate_lakehouse_pipeline to 2025-10-02T00:00:00+00:00, run_after=2025-10-03T00:00:00+00:00
[2025-10-03T16:52:58.118+0000] {processor.py:179} INFO - Processing /opt/airflow/dags/realestate_pipeline.py took 1.140 seconds
[2025-10-03T16:53:28.203+0000] {processor.py:157} INFO - Started process (PID=161) to work on /opt/airflow/dags/realestate_pipeline.py
[2025-10-03T16:53:28.204+0000] {processor.py:829} INFO - Processing file /opt/airflow/dags/realestate_pipeline.py for tasks to queue
[2025-10-03T16:53:28.204+0000] {logging_mixin.py:151} INFO - [2025-10-03T16:53:28.204+0000] {dagbag.py:536} INFO - Filling up the DagBag from /opt/airflow/dags/realestate_pipeline.py
[2025-10-03T16:53:29.475+0000] {processor.py:839} INFO - DAG(s) dict_keys(['realestate_lakehouse_pipeline']) retrieved from /opt/airflow/dags/realestate_pipeline.py
[2025-10-03T16:53:29.490+0000] {logging_mixin.py:151} INFO - [2025-10-03T16:53:29.490+0000] {dag.py:2941} INFO - Sync 1 DAGs
[2025-10-03T16:53:29.503+0000] {logging_mixin.py:151} INFO - [2025-10-03T16:53:29.503+0000] {dag.py:3722} INFO - Setting next_dagrun for realestate_lakehouse_pipeline to 2025-10-02T00:00:00+00:00, run_after=2025-10-03T00:00:00+00:00
[2025-10-03T16:53:29.518+0000] {processor.py:179} INFO - Processing /opt/airflow/dags/realestate_pipeline.py took 1.317 seconds
[2025-10-03T16:54:00.378+0000] {processor.py:157} INFO - Started process (PID=178) to work on /opt/airflow/dags/realestate_pipeline.py
[2025-10-03T16:54:00.387+0000] {processor.py:829} INFO - Processing file /opt/airflow/dags/realestate_pipeline.py for tasks to queue
[2025-10-03T16:54:00.389+0000] {logging_mixin.py:151} INFO - [2025-10-03T16:54:00.388+0000] {dagbag.py:536} INFO - Filling up the DagBag from /opt/airflow/dags/realestate_pipeline.py
[2025-10-03T16:54:01.468+0000] {processor.py:839} INFO - DAG(s) dict_keys(['realestate_lakehouse_pipeline']) retrieved from /opt/airflow/dags/realestate_pipeline.py
[2025-10-03T16:54:01.481+0000] {logging_mixin.py:151} INFO - [2025-10-03T16:54:01.480+0000] {dag.py:2941} INFO - Sync 1 DAGs
[2025-10-03T16:54:01.493+0000] {logging_mixin.py:151} INFO - [2025-10-03T16:54:01.493+0000] {dag.py:3722} INFO - Setting next_dagrun for realestate_lakehouse_pipeline to 2025-10-02T00:00:00+00:00, run_after=2025-10-03T00:00:00+00:00
[2025-10-03T16:54:01.506+0000] {processor.py:179} INFO - Processing /opt/airflow/dags/realestate_pipeline.py took 1.130 seconds
[2025-10-03T16:54:31.549+0000] {processor.py:157} INFO - Started process (PID=195) to work on /opt/airflow/dags/realestate_pipeline.py
[2025-10-03T16:54:31.557+0000] {processor.py:829} INFO - Processing file /opt/airflow/dags/realestate_pipeline.py for tasks to queue
[2025-10-03T16:54:31.557+0000] {logging_mixin.py:151} INFO - [2025-10-03T16:54:31.557+0000] {dagbag.py:536} INFO - Filling up the DagBag from /opt/airflow/dags/realestate_pipeline.py
[2025-10-03T16:54:32.636+0000] {processor.py:839} INFO - DAG(s) dict_keys(['realestate_lakehouse_pipeline']) retrieved from /opt/airflow/dags/realestate_pipeline.py
[2025-10-03T16:54:32.650+0000] {logging_mixin.py:151} INFO - [2025-10-03T16:54:32.650+0000] {dag.py:2941} INFO - Sync 1 DAGs
[2025-10-03T16:54:32.661+0000] {logging_mixin.py:151} INFO - [2025-10-03T16:54:32.661+0000] {dag.py:3722} INFO - Setting next_dagrun for realestate_lakehouse_pipeline to 2025-10-02T00:00:00+00:00, run_after=2025-10-03T00:00:00+00:00
[2025-10-03T16:54:32.672+0000] {processor.py:179} INFO - Processing /opt/airflow/dags/realestate_pipeline.py took 1.126 seconds
